<?xml version="1.0" encoding="UTF-8"?>
<!-- Generated by org.testng.reporters.JUnitReportReporter -->
<testsuite hostname="LAPTOP-3VAT1RCO" failures="0" tests="1" name="org.com.TestNgAdactinHotel" time="20.595" errors="0" timestamp="2021-04-20T09:31:52 IST" skipped="0">
  <testcase classname="org.com.TestNgAdactinHotel" name="testMethod" time="20.595"/>
  <system-out/>
</testsuite> <!-- org.com.TestNgAdactinHotel -->
